<?xml version="1.0" encoding="UTF-8"?>
<!-- Generated by org.testng.reporters.JUnitReportReporter -->
<testsuite hostname="Arish" failures="0" tests="1" name="test.HomePageTest" time="38.483" errors="0" timestamp="2024-06-26T07:20:58 BST" skipped="0">
  <testcase classname="test.HomePageTest" name="verifyUserLoginDate" time="38.483"/>
</testsuite> <!-- test.HomePageTest -->
