<?xml version="1.0" encoding="UTF-8"?>
<!-- Generated by org.testng.reporters.JUnitReportReporter -->
<testsuite hostname="Arish" failures="0" tests="1" name="test.UserPageTest" time="105.163" errors="0" timestamp="2024-06-25T21:03:03 BST" skipped="0">
  <testcase classname="test.UserPageTest" name="VerifySearchUserPageTest" time="105.163"/>
</testsuite> <!-- test.UserPageTest -->
