<?xml version="1.0" encoding="UTF-8"?>
<!-- Generated by org.testng.reporters.JUnitReportReporter -->
<testsuite hostname="Arish" failures="0" tests="1" name="test.UserManagementTest" time="77.591" errors="0" timestamp="2024-06-26T21:42:12 BST" skipped="0">
  <testcase classname="test.UserManagementTest" name="verifyUserManagementOptionsUsers" time="77.591"/>
</testsuite> <!-- test.UserManagementTest -->
