<?xml version="1.0" encoding="UTF-8"?>
<!-- Generated by org.testng.reporters.JUnitReportReporter -->
<testsuite hostname="Arish" failures="0" tests="1" name="test.UserPageTest" time="111.893" errors="0" timestamp="2024-06-22T18:47:49 BST" skipped="0">
  <testcase classname="test.UserPageTest" name="VerifySearchUserPageTest" time="111.893"/>
</testsuite> <!-- test.UserPageTest -->
