<?xml version="1.0" encoding="UTF-8"?>
<!-- Generated by org.testng.reporters.JUnitReportReporter -->
<testsuite hostname="Arish" failures="0" tests="1" name="test.HomePageTest" time="13.515" errors="0" timestamp="2024-06-21T21:43:26 BST" skipped="0">
  <testcase classname="test.HomePageTest" name="VerifyProfile" time="13.515"/>
</testsuite> <!-- test.HomePageTest -->
